<?xml version="1.0" encoding="UTF-8"?>
<testsuite name="BasicPersistenceTest" tests="1" skipped="0" failures="0" errors="0" timestamp="2020-09-29T19:20:46" hostname="DESKTOP-QSS8UBC" time="0.018">
  <properties/>
  <testcase name="testPropertyAuthorPersistence" classname="BasicPersistenceTest" time="0.018"/>
  <system-out><![CDATA[]]></system-out>
  <system-err><![CDATA[]]></system-err>
</testsuite>
