<?xml version="1.0" encoding="UTF-8"?>
<testsuite name="DBPersistenceTest" tests="1" skipped="0" failures="0" errors="0" timestamp="2020-09-22T18:07:28" hostname="DESKTOP-0HJ5SGM" time="0.02">
  <properties/>
  <testcase name="testParameterizedInsertAuthor" classname="DBPersistenceTest" time="0.02"/>
  <system-out><![CDATA[]]></system-out>
  <system-err><![CDATA[]]></system-err>
</testsuite>
